make --dry-run --always-make --keep-going --print-directory
make: Entering directory `/home/ghanshyam/GS/minichain'
g++ -c -g -Wall -std=c++2a -march=native -O3 -w  kalloc.c -o kalloc.o
g++ -c -g -Wall -std=c++2a -march=native -O3 -w  kthread.c -o kthread.o
g++ -c -g -Wall -std=c++2a -march=native -O3 -w  algo.c -o algo.o
g++ -c -g -Wall -std=c++2a -march=native -O3 -w  sys.c -o sys.o
g++ -c -g -Wall -std=c++2a -march=native -O3 -w  gfa-base.c -o gfa-base.o
g++ -c -g -Wall -std=c++2a -march=native -O3 -w  gfa-io.c -o gfa-io.o
g++ -c -g -Wall -std=c++2a -march=native -O3 -w  gfa-aug.c -o gfa-aug.o
g++ -c -g -Wall -std=c++2a -march=native -O3 -w  gfa-bbl.c -o gfa-bbl.o
g++ -c -g -Wall -std=c++2a -march=native -O3 -w  gfa-ed.c -o gfa-ed.o
g++ -c -g -Wall -std=c++2a -march=native -O3 -w  sketch.c -o sketch.o
g++ -c -g -Wall -std=c++2a -march=native -O3 -w  misc.c -o misc.o
g++ -c -g -Wall -std=c++2a -march=native -O3 -w  bseq.c -o bseq.o
g++ -c -g -Wall -std=c++2a -march=native -O3 -w  options.c -o options.o
g++ -c -g -Wall -std=c++2a -march=native -O3 -w  shortk.c -o shortk.o
g++ -c -g -Wall -std=c++2a -march=native -O3 -w  miniwfa.c -o miniwfa.o
g++ -c -g -Wall -std=c++2a -march=native -O3 -w  index.c -o index.o
g++ -c -g -Wall -std=c++2a -march=native -O3 -w  lchain.c -o lchain.o
g++ -c -g -Wall -std=c++2a -march=native -O3 -w  gchain1.c -o gchain1.o
g++ -c -g -Wall -std=c++2a -march=native -O3 -w  galign.c -o galign.o
g++ -c -g -Wall -std=c++2a -march=native -O3 -w  gcmisc.c -o gcmisc.o
g++ -c -g -Wall -std=c++2a -march=native -O3 -w  map-algo.c -o map-algo.o
g++ -c -g -Wall -std=c++2a -march=native -O3 -w  cal_cov.c -o cal_cov.o
g++ -c -g -Wall -std=c++2a -march=native -O3 -w  format.c -o format.o
g++ -c -g -Wall -std=c++2a -march=native -O3 -w  gmap.c -o gmap.o
g++ -c -g -Wall -std=c++2a -march=native -O3 -w  ggsimple.c -o ggsimple.o
g++ -c -g -Wall -std=c++2a -march=native -O3 -w  ggen.c -o ggen.o
g++ -c -g -Wall -std=c++2a -march=native -O3 -w  asm-call.c -o asm-call.o
g++  -g -Wall -std=c++2a -march=native -O3 -w  -c -o graphUtils.o graphUtils.cpp
g++ -c -g -Wall -std=c++2a -march=native -O3 -w  main.c -o main.o
g++ -g -Wall -std=c++2a -march=native -O3 -w kalloc.o kthread.o algo.o sys.o gfa-base.o gfa-io.o gfa-aug.o gfa-bbl.o gfa-ed.o sketch.o misc.o bseq.o options.o shortk.o miniwfa.o index.o lchain.o gchain1.o galign.o gcmisc.o map-algo.o cal_cov.o format.o gmap.o ggsimple.o ggen.o asm-call.o graphUtils.o main.o -o minichain -lz -lpthread -lm -fopenmp
make: Leaving directory `/home/ghanshyam/GS/minichain'
 
