make all --print-data-base --no-builtin-variables --no-builtin-rules --question
# GNU Make 3.82
# Built for x86_64-redhat-linux-gnu
# Copyright (C) 2010  Free Software Foundation, Inc.
# License GPLv3+: GNU GPL version 3 or later <http://gnu.org/licenses/gpl.html>
# This is free software: you are free to change and redistribute it.
# There is NO WARRANTY, to the extent permitted by law.

# Make data base, printed on Sun Aug 21 12:01:44 2022

# Variables

# automatic
<D = $(patsubst %/,%,$(dir $<))
# automatic
?F = $(notdir $?)
# default
.SHELLFLAGS := -c
# environment
SETVARS_COMPLETED = 1
# environment
VSCODE_AGENT_FOLDER = /home/ghanshyam//.vscode-server
# environment
VT_ROOT = /home/ghanshyam/intel/oneapi/itac/2021.1.1
# environment
MODULEPATH = /home/ghanshyam/spack/share/spack/modules/linux-centos7-x86_64:/home/ghanshyam/spack/share/spack/modules/linux-centos7-zen2:/apps/nvhpc/nvhpc_sdk/modulefiles:/apps/modulefile:/apps/intel/oneapi/modulefiles:/usr/share/Modules/modulefiles:/etc/modulefiles
# automatic
?D = $(patsubst %/,%,$(dir $?))
# makefile (from `Makefile', line 2)
CPPFLAGS = -g -Wall -std=c++2a -march=native -O3 -w
# environment
ACL_BOARD_VENDOR_PATH = /opt/Intel/OpenCLFPGA/oneAPI/Boards
# makefile (from `Makefile', line 3)
INCLUDES = 
# environment
UCX_MEMTYPE_CACHE = n
# automatic
@D = $(patsubst %/,%,$(dir $@))
# automatic
@F = $(notdir $@)
# default
MAKE_VERSION := 3.82
# makefile
CURDIR := /home/ghanshyam/GS/minichain
# makefile
SHELL = /bin/sh
# environment
VSCODE_NLS_CONFIG = {"locale":"en","availableLanguages":{}}
# environment
INTEL_LICENSE_FILE = /opt/intel/licenses:/home/ghanshyam//intel/licenses:/home/ghanshyam/intel/oneapi/clck/2021.1.1/licensing:/opt/intel/licenses:/home/ghanshyam//intel/licenses:/Users/Shared/Library/Application Support/Intel/Licenses
# environment
_ = /usr/bin/make
# makefile (from `Makefile', line 1)
MAKEFILE_LIST :=  Makefile
# environment
HISTCONTROL = ignoredups
# environment
TBBROOT = /home/ghanshyam/intel/oneapi/tbb/2021.1.1/env/..
# environment
XDG_DATA_DIRS = /home/ghanshyam//.local/share/flatpak/exports/share:/var/lib/flatpak/exports/share:/usr/local/share:/usr/share
# makefile (from `Makefile', line 4)
OBJS = kalloc.o kthread.o algo.o sys.o gfa-base.o gfa-io.o gfa-aug.o gfa-bbl.o gfa-ed.o sketch.o misc.o bseq.o options.o shortk.o miniwfa.o index.o lchain.o gchain1.o galign.o gcmisc.o map-algo.o cal_cov.o format.o gmap.o ggsimple.o ggen.o asm-call.o graphUtils.o
# environment
FI_PROVIDER_PATH = /home/ghanshyam/intel/oneapi/mpi/2021.1.1//libfabric/lib/prov:/usr/lib64/libfabric
# environment
LESSOPEN = ||/usr/bin/lesspipe.sh %s
# environment
VT_SLIB_DIR = /home/ghanshyam/intel/oneapi/itac/2021.1.1/slib
# environment
VSCODE_CWD = /home/ghanshyam
# environment
OCL_ICD_FILENAMES = libintelocl_emu.so:libalteracl.so:/home/ghanshyam/intel/oneapi/compiler/2021.1.1/linux/lib/x64/libintelocl.so
# environment
SSH_CONNECTION = 10.24.22.15 62101 10.24.36.80 22
# environment
PATH = /home/ghanshyam/.vscode-server/bin/e4503b30fc78200f846c62cf8091b76ff5547662/bin/remote-cli:/usr/local/cuda-11.0/bin:/apps/software/cmake-3.21.0/bin:/apps/software/gcc93/bin:/apps/software/openmpi/bin:/apps/software/gcc93/bin:/home/ghanshyam/miniconda3/condabin:/usr/local/cuda-11.0/bin:/home/ghanshyam/intel/oneapi/vtune/2021.9.0/bin64:/home/ghanshyam/intel/oneapi/mpi/2021.1.1//libfabric/bin:/home/ghanshyam/intel/oneapi/mpi/2021.1.1//bin:/home/ghanshyam/intel/oneapi/itac/2021.1.1/bin:/home/ghanshyam/intel/oneapi/itac/2021.1.1/bin:/home/ghanshyam/intel/oneapi/inspector/2021.1.1/bin64:/home/ghanshyam/intel/oneapi/dev-utilities/2021.1.1/bin:/home/ghanshyam/intel/oneapi/compiler/2021.1.1/linux/lib/oclfpga/llvm/aocl-bin:/home/ghanshyam/intel/oneapi/compiler/2021.1.1/linux/lib/oclfpga/bin:/home/ghanshyam/intel/oneapi/compiler/2021.1.1/linux/bin/intel64:/home/ghanshyam/intel/oneapi/compiler/2021.1.1/linux/bin:/home/ghanshyam/intel/oneapi/compiler/2021.1.1/linux/ioc/bin:/home/ghanshyam/intel/oneapi/clck/2021.1.1/bin/intel64:/home/ghanshyam/spack/bin:/apps/software/cmake-3.21.0/bin:/apps/software/gcc93/bin:/apps/software/openmpi/bin:/apps/software/gcc93/bin:/usr/local/bin:/usr/bin:/usr/local/sbin:/usr/sbin:/opt/pbs/bin:/home/ghanshyam//.local/bin:/home/ghanshyam//bin:/opt/pbs/bin:/home/ghanshyam//.local/bin:/home/ghanshyam//bin
# makefile (from `Makefile', line 8)
PROG = minichain
# environment
QT_GRAPHICSSYSTEM_CHECKED = 1
# environment
CLCK_ROOT = /home/ghanshyam/intel/oneapi/clck/2021.1.1
# environment
XDG_RUNTIME_DIR = /run/user/1015
# environment
LIBRARY_PATH = /home/ghanshyam/intel/oneapi/tbb/2021.1.1/env/../lib/intel64/gcc4.8:/home/ghanshyam/intel/oneapi/mpi/2021.1.1//libfabric/lib:/home/ghanshyam/intel/oneapi/mpi/2021.1.1//lib/release:/home/ghanshyam/intel/oneapi/mpi/2021.1.1//lib:/home/ghanshyam/intel/oneapi/compiler/2021.1.1/linux/compiler/lib/intel64_lin:/home/ghanshyam/intel/oneapi/compiler/2021.1.1/linux/lib:/home/ghanshyam/intel/oneapi/clck/2021.1.1/lib/intel64
# environment
SPACK_PYTHON = /usr/bin/python3
# environment
CPATH = /home/ghanshyam/intel/oneapi/tbb/2021.1.1/env/../include:/home/ghanshyam/intel/oneapi/mpi/2021.1.1//include:/home/ghanshyam/intel/oneapi/dev-utilities/2021.1.1/include:/home/ghanshyam/intel/oneapi/compiler/2021.1.1/linux/include
# environment
SETVARS_VARS_PATH = /home/ghanshyam/intel/oneapi/vtune/latest/env/vars.sh
# environment
ONEAPI_ROOT = /home/ghanshyam/intel/oneapi
# environment
ELECTRON_RUN_AS_NODE = 1
# default
.FEATURES := target-specific order-only second-expansion else-if shortest-stem undefine oneshell archives jobserver check-symlink
# environment
CMAKE_PREFIX_PATH = /home/ghanshyam/intel/oneapi/tbb/2021.1.1/env/..:
# environment
CPLUS_INCLUDE_PATH = /home/ghanshyam/intel/oneapi/clck/2021.1.1/include
# automatic
%F = $(notdir $%)
# environment
CONDA_EXE = /home/ghanshyam/miniconda3/bin/conda
# environment
PWD = /home/ghanshyam/GS/minichain
# environment
SPACK_ROOT = /home/ghanshyam/spack
# environment
VSCODE_IPC_HOOK_CLI = /run/user/1015/vscode-ipc-49359d89-8676-4d65-bd83-a7fc36afa093.sock
# automatic
*D = $(patsubst %/,%,$(dir $*))
# environment
PKG_CONFIG_PATH = /home/ghanshyam/intel/oneapi/vtune/2021.9.0/include/pkgconfig/lib64:/home/ghanshyam/intel/oneapi/inspector/2021.1.1/include/pkgconfig/lib64:
# environment
MANPATH = /home/ghanshyam/intel/oneapi/mpi/2021.1.1/man:/home/ghanshyam/intel/oneapi/itac/2021.1.1/man:/home/ghanshyam/intel/oneapi/clck/2021.1.1/man::/opt/pbs/share/man::/home/ghanshyam/intel/oneapi/compiler/2021.1.1/documentation/en/man/common:::/opt/pbs/share/man
# environment
VSCODE_AMD_ENTRYPOINT = vs/workbench/api/node/extensionHostProcess
# environment
HOME = /home/ghanshyam/
# environment
VT_LIB_DIR = /home/ghanshyam/intel/oneapi/itac/2021.1.1/lib
# environment
LD_LIBRARY_PATH = /usr/local/lib:/usr/local/cuda-11.0/lib64{LD_LIBRARY_PATH:+:/apps/software/gcc93/lib64:/apps/software/openmpi/lib:/apps/software/gcc93/lib64:/usr/local/lib:/usr/local/cuda-11.0/lib64{LD_LIBRARY_PATH:+:/home/ghanshyam/intel/oneapi/tbb/2021.1.1/env/../lib/intel64/gcc4.8:/home/ghanshyam/intel/oneapi/mpi/2021.1.1//libfabric/lib:/home/ghanshyam/intel/oneapi/mpi/2021.1.1//lib/release:/home/ghanshyam/intel/oneapi/mpi/2021.1.1//lib:/home/ghanshyam/intel/oneapi/itac/2021.1.1/slib:/home/ghanshyam/intel/oneapi/compiler/2021.1.1/linux/lib:/home/ghanshyam/intel/oneapi/compiler/2021.1.1/linux/lib/x64:/home/ghanshyam/intel/oneapi/compiler/2021.1.1/linux/lib/emu:/home/ghanshyam/intel/oneapi/compiler/2021.1.1/linux/lib/oclfpga/host/linux64/lib:/home/ghanshyam/intel/oneapi/compiler/2021.1.1/linux/lib/oclfpga/linux64/lib:/home/ghanshyam/intel/oneapi/compiler/2021.1.1/linux/compiler/lib/intel64_lin:/home/ghanshyam/intel/oneapi/compiler/2021.1.1/linux/compiler/lib:/apps/software/gcc93/lib64:/apps/software/openmpi/lib:/apps/software/gcc93/lib64:}}
# environment
VT_ADD_LIBS = -ldwarf -lelf -lvtunwind -lm -lpthread
# environment
VT_MPI = impi4
# environment
MODULESHOME = /usr/share/Modules
# environment
LOGNAME = ghanshyam
# environment
APPLICATION_INSIGHTS_NO_DIAGNOSTIC_CHANNEL = 1
# automatic
+F = $(notdir $+)
# environment
VSCODE_HANDLES_UNCAUGHT_ERRORS = true
# automatic
^D = $(patsubst %/,%,$(dir $^))
# environment
HOSTNAME = iesc
# environment
MAKELEVEL := 0
# default
MAKE = $(MAKE_COMMAND)
# default
MAKECMDGOALS := all
# environment
SHLVL = 5
# environment
OMPI_MCA_btl_openib_if_include = mlx5_0:1
# environment
XDG_SESSION_ID = 6239
# environment
USER = ghanshyam
# makefile
.DEFAULT_GOAL := all
# environment
CLASSPATH = /home/ghanshyam/intel/oneapi/mpi/2021.1.1//lib/mpi.jar
# environment
INSPECTOR_2021_DIR = /home/ghanshyam/intel/oneapi/inspector/2021.1.1
# automatic
%D = $(patsubst %/,%,$(dir $%))
# environment
define BASH_FUNC_module()
() {  eval `/usr/bin/modulecmd bash $*`
}
endef
# environment
CONDA_SHLVL = 0
# default
MAKE_COMMAND := make
# default
.VARIABLES := 
# automatic
*F = $(notdir $*)
# makefile
MAKEFLAGS = Rrqp
# environment
MFLAGS = -Rrqp
# environment
SSH_CLIENT = 10.24.22.15 62101 22
# environment
MAIL = /var/spool/mail/ghanshyam
# environment
LOADEDMODULES = 
# automatic
+D = $(patsubst %/,%,$(dir $+))
# environment
define BASH_FUNC_spack()
() {  : this is a shell function from: /home/ghanshyam/spack/share/spack/setup-env.sh;
 : the real spack script is here: /home/ghanshyam/spack/bin/spack;
 _spack_shell_wrapper "$@";
 return $?
}
endef
# environment
BROWSER = /home/ghanshyam/.vscode-server/bin/e4503b30fc78200f846c62cf8091b76ff5547662/bin/helpers/browser.sh
# environment
I_MPI_ROOT = /home/ghanshyam/intel/oneapi/mpi/2021.1.1
# environment
VSCODE_HANDLES_SIGPIPE = true
# environment
OMPI_MCA_btl_openib_allow_ib = 1
# default
MAKEFILES := 
# automatic
<F = $(notdir $<)
# makefile (from `Makefile', line 1)
CXX = g++
# environment
LC_ALL = C
# environment
CONDA_PYTHON_EXE = /home/ghanshyam/miniconda3/bin/python
# environment
OMPI_MCA_opal_cuda_support = 1
# automatic
^F = $(notdir $^)
# environment
define BASH_FUNC__spack_shell_wrapper()
() {  for var in LD_LIBRARY_PATH DYLD_LIBRARY_PATH DYLD_FALLBACK_LIBRARY_PATH;
 do
 eval "if [ -n \"\${${var}-}\" ]; then export SPACK_$var=\${${var}}; fi";
 done;
 if [ -n "${ZSH_VERSION:-}" ]; then
 emulate -L sh;
 fi;
 _sp_flags="";
 while [ ! -z ${1+x} ] && [ "${1#-}" != "${1}" ]; do
 _sp_flags="$_sp_flags $1";
 shift;
 done;
 if [ -n "$_sp_flags" ] && [ "${_sp_flags#*h}" != "${_sp_flags}" ] || [ "${_sp_flags#*V}" != "${_sp_flags}" ]; then
 command spack $_sp_flags "$@";
 return;
 fi;
 _sp_subcommand="";
 if [ ! -z ${1+x} ]; then
 _sp_subcommand="$1";
 shift;
 fi;
 case $_sp_subcommand in 
 "cd")
 _sp_arg="";
 if [ -n "$1" ]; then
 _sp_arg="$1";
 shift;
 fi;
 if [ "$_sp_arg" = "-h" ] || [ "$_sp_arg" = "--help" ]; then
 command spack cd -h;
 else
 LOC="$(spack location $_sp_arg "$@")";
 if [ -d "$LOC" ]; then
 cd "$LOC";
 else
 return 1;
 fi;
 fi;
 return
 ;;
 "env")
 _sp_arg="";
 if [ -n "$1" ]; then
 _sp_arg="$1";
 shift;
 fi;
 if [ "$_sp_arg" = "-h" ] || [ "$_sp_arg" = "--help" ]; then
 command spack env -h;
 else
 case $_sp_arg in 
 activate)
 _a=" $@";
 if [ -z ${1+x} ] || [ "${_a#* --sh}" != "$_a" ] || [ "${_a#* --csh}" != "$_a" ] || [ "${_a#* -h}" != "$_a" ] || [ "${_a#* --help}" != "$_a" ]; then
 command spack env activate "$@";
 else
 eval $(command spack $_sp_flags env activate --sh "$@");
 fi
 ;;
 deactivate)
 _a=" $@";
 if [ "${_a#* --sh}" != "$_a" ] || [ "${_a#* --csh}" != "$_a" ]; then
 command spack env deactivate "$@";
 else
 if [ -n "$*" ]; then
 command spack env deactivate -h;
 else
 eval $(command spack $_sp_flags env deactivate --sh);
 fi;
 fi
 ;;
 *)
 command spack env $_sp_arg "$@"
 ;;
 esac;
 fi;
 return
 ;;
 "load" | "unload")
 _a=" $@";
 if [ "${_a#* --sh}" != "$_a" ] || [ "${_a#* --csh}" != "$_a" ] || [ "${_a#* -h}" != "$_a" ] || [ "${_a#* --help}" != "$_a" ]; then
 command spack $_sp_flags $_sp_subcommand "$@";
 else
 eval $(command spack $_sp_flags $_sp_subcommand --sh "$@" ||                     echo "return 1");
 fi
 ;;
 *)
 command spack $_sp_flags $_sp_subcommand "$@"
 ;;
 esac
}
endef
# default
SUFFIXES := 
# environment
HISTSIZE = 1000
# environment
_CE_M = 
# makefile (from `Makefile', line 9)
LIBS = -lz -lpthread -lm -fopenmp
# environment
INTELFPGAOCLSDKROOT = /home/ghanshyam/intel/oneapi/compiler/2021.1.1/linux/lib/oclfpga
# default
.INCLUDE_DIRS = /usr/include /usr/local/include /usr/include
# default
.RECIPEPREFIX := 
# environment
VTUNE_PROFILER_2021_DIR = /home/ghanshyam/intel/oneapi/vtune/2021.9.0
# environment
LANG = C
# environment
_CE_CONDA = 
# variable set hash-table stats:
# Load=111/1024=11%, Rehash=0, Collisions=9/142=6%

# Pattern-specific Variable Values

# No pattern-specific variable values.

# Directories

# . (device 2051, inode 128057345): 62 files, no impossibilities.

# 62 files, no impossibilities in 1 directories.

# Implicit Rules

%.c:

%.o: %.c
#  recipe to execute (from `Makefile', line 20):
		$(CXX) -c $(CPPFLAGS) $(INCLUDES) $< -o $@

%.o:

# 3 implicit rules, 0 (0.0%) terminal.

# Files

map-algo.o: kalloc.h mgpriv.h minigraph.h gfa.h khashl.h ksort.h graphUtils.h
#  Implicit rule search has not been done.
#  Modification time never checked.
#  File has not been updated.

gcmisc.o: mgpriv.h minigraph.h gfa.h kalloc.h
#  Implicit rule search has not been done.
#  Modification time never checked.
#  File has not been updated.

# Not a target:
sys.h:
#  Implicit rule search has not been done.
#  Modification time never checked.
#  File has not been updated.

# Not a target:
khashl.h:
#  Implicit rule search has not been done.
#  Modification time never checked.
#  File has not been updated.

shortk.o: mgpriv.h minigraph.h gfa.h ksort.h kavl.h algo.h khashl.h kalloc.h
#  Implicit rule search has not been done.
#  Modification time never checked.
#  File has not been updated.

# Not a target:
algo.h:
#  Implicit rule search has not been done.
#  Modification time never checked.
#  File has not been updated.

all: minichain
#  Phony target (prerequisite of .PHONY).
#  Command line target.
#  Implicit rule search has not been done.
#  File does not exist.
#  File has been updated.
#  Needs to be updated (-q is set).
# variable set hash-table stats:
 
# Load=0/32=0%, Rehash=0, Collisions=0/6=0%

# Not a target:
.o:
#  Implicit rule search has not been done.
#  Modification time never checked.
#  File has not been updated.

.PHONY: all clean depend
#  Implicit rule search has not been done.
#  Modification time never checked.
#  File has not been updated.

# Not a target:
bseq.h:
#  Implicit rule search has not been done.
#  Modification time never checked.
#  File has not been updated.

kalloc.o: kalloc.c kalloc.h
#  Implicit rule search has been done.
#  Implicit/static pattern stem: `kalloc'
#  File does not exist.
#  File has been updated.
#  Needs to be updated (-q is set).
# automatic
# @ := kalloc.o
# automatic
# % := 
# automatic
# * := kalloc
# automatic
# + := kalloc.c kalloc.h
# automatic
# | := 
# automatic
# < := kalloc.c
# automatic
# ^ := kalloc.c kalloc.h
# automatic
# ? := kalloc.c kalloc.h
# variable set hash-table stats:
# Load=8/32=25%, Rehash=0, Collisions=1/16=6%
#  recipe to execute (from `Makefile', line 20):
		$(CXX) -c $(CPPFLAGS) $(INCLUDES) $< -o $@

index.o: mgpriv.h minigraph.h gfa.h khashl.h kalloc.h kthread.h kvec-km.h sys.h
#  Implicit rule search has not been done.
#  Modification time never checked.
#  File has not been updated.

# Not a target:
kseq.h:
#  Implicit rule search has not been done.
#  Modification time never checked.
#  File has not been updated.

# Not a target:
krmq.h:
#  Implicit rule search has not been done.
#  Modification time never checked.
#  File has not been updated.

# Not a target:
gfa.h:
#  Implicit rule search has not been done.
#  Modification time never checked.
#  File has not been updated.

gfa-io.o: kstring.h gfa-priv.h gfa.h kseq.h
#  Implicit rule search has not been done.
#  Modification time never checked.
#  File has not been updated.

graphUtils.o: graphUtils.h
#  Implicit rule search has not been done.
#  Modification time never checked.
#  File has not been updated.

.SUFFIXES: .c .o
#  Implicit rule search has not been done.
#  Modification time never checked.
#  File has not been updated.

# Not a target:
kvec.h:
#  Implicit rule search has not been done.
#  Modification time never checked.
#  File has not been updated.

format.o: kalloc.h mgpriv.h minigraph.h gfa.h
#  Implicit rule search has not been done.
#  Modification time never checked.
#  File has not been updated.

# Not a target:
Makefile:
#  Implicit rule search has been done.
#  Last modified 2022-08-21 11:58:53.362014935
#  File has been updated.
#  Successfully updated.

# Not a target:
gfa-priv.h:
#  Implicit rule search has not been done.
#  Modification time never checked.
#  File has not been updated.

gfa-bbl.o: gfa-priv.h gfa.h kalloc.h ksort.h kvec.h
#  Implicit rule search has not been done.
#  Modification time never checked.
#  File has not been updated.

misc.o: mgpriv.h minigraph.h gfa.h ksort.h
#  Implicit rule search has not been done.
#  Modification time never checked.
#  File has not been updated.

ggen.o: kthread.h kalloc.h sys.h bseq.h ggen.h minigraph.h gfa.h mgpriv.h gfa-priv.h
#  Implicit rule search has not been done.
#  Modification time never checked.
#  File has not been updated.

miniwfa.o: miniwfa.h kalloc.h
#  Implicit rule search has not been done.
#  Modification time never checked.
#  File has not been updated.

# Not a target:
ketopt.h:
#  Implicit rule search has not been done.
#  Modification time never checked.
#  File has not been updated.

lchain.o: mgpriv.h minigraph.h gfa.h kalloc.h krmq.h
#  Implicit rule search has not been done.
#  Modification time never checked.
#  File has not been updated.

asm-call.o: mgpriv.h minigraph.h gfa.h ggen.h bseq.h gfa-priv.h algo.h
#  Implicit rule search has not been done.
#  Modification time never checked.
#  File has not been updated.

gmap.o: kthread.h kalloc.h bseq.h sys.h mgpriv.h minigraph.h gfa.h gfa-priv.h
#  Implicit rule search has not been done.
#  Modification time never checked.
#  File has not been updated.

galign.o: mgpriv.h minigraph.h gfa.h kalloc.h miniwfa.h
#  Implicit rule search has not been done.
#  Modification time never checked.
#  File has not been updated.

# Not a target:
kstring.h:
#  Implicit rule search has not been done.
#  Modification time never checked.
#  File has not been updated.

# Not a target:
.c:
#  Implicit rule search has not been done.
#  Modification time never checked.
#  File has not been updated.

kthread.o: kthread.h
#  Implicit rule search has not been done.
#  Modification time never checked.
#  File has not been updated.

gfa-base.o: gfa-priv.h gfa.h kstring.h khashl.h kalloc.h ksort.h
#  Implicit rule search has not been done.
#  Modification time never checked.
#  File has not been updated.

.c.o:
#  Implicit rule search has not been done.
#  Modification time never checked.
#  File has not been updated.
#  recipe to execute (from `Makefile', line 20):
		$(CXX) -c $(CPPFLAGS) $(INCLUDES) $< -o $@

# Not a target:
kdq.h:
#  Implicit rule search has not been done.
#  Modification time never checked.
#  File has not been updated.

gfa-aug.o: gfa-priv.h gfa.h ksort.h
#  Implicit rule search has not been done.
#  Modification time never checked.
#  File has not been updated.

# Not a target:
kalloc.c:
#  Implicit rule search has been done.
#  Last modified 2022-08-21 11:58:53.366014952
#  File has been updated.
#  Successfully updated.

depend:
#  Phony target (prerequisite of .PHONY).
#  Implicit rule search has not been done.
#  File does not exist.
#  File has not been updated.
#  recipe to execute (from `Makefile', line 31):
		(LC_ALL=C; export LC_ALL; makedepend -Y -- $(CPPFLAGS) $(DFLAGS) -- *.c)

sys.o: sys.h
#  Implicit rule search has not been done.
#  Modification time never checked.
#  File has not been updated.

gchain1.o: mgpriv.h minigraph.h gfa.h ksort.h khashl.h kalloc.h gfa-priv.h
#  Implicit rule search has not been done.
#  Modification time never checked.
#  File has not been updated.

# Not a target:
.DEFAULT:
#  Implicit rule search has not been done.
#  Modification time never checked.
#  File has not been updated.

algo.o: kalloc.h algo.h miniwfa.h kvec-km.h ksort.h
#  Implicit rule search has not been done.
#  Modification time never checked.
#  File has not been updated.

# Not a target:
ksort.h:
#  Implicit rule search has not been done.
#  Modification time never checked.
#  File has not been updated.

bseq.o: bseq.h kvec-km.h kalloc.h kseq.h
#  Implicit rule search has not been done.
#  Modification time never checked.
#  File has not been updated.

# Not a target:
kalloc.h:
#  Implicit rule search has been done.
#  Last modified 2022-08-21 11:58:53.366014952
#  File has been updated.
#  Successfully updated.

clean:
#  Phony target (prerequisite of .PHONY).
#  Implicit rule search has not been done.
#  File does not exist.
#  File has not been updated.
#  recipe to execute (from `Makefile', line 28):
		rm -fr gmon.out *.o a.out $(PROG) *~ *.a *.dSYM

sketch.o: kvec-km.h kalloc.h mgpriv.h minigraph.h gfa.h
#  Implicit rule search has not been done.
#  Modification time never checked.
#  File has not been updated.

# Not a target:
ggen.h:
#  Implicit rule search has not been done.
#  Modification time never checked.
#  File has not been updated.

gfa-ed.o: gfa-priv.h gfa.h kalloc.h ksort.h khashl.h kdq.h kvec-km.h
#  Implicit rule search has not been done.
#  Modification time never checked.
#  File has not been updated.

# Not a target:
graphUtils.h:
#  Implicit rule search has not been done.
#  Modification time never checked.
#  File has not been updated.

# Not a target:
kvec-km.h:
#  Implicit rule search has not been done.
#  Modification time never checked.
#  File has not been updated.

ggsimple.o: mgpriv.h minigraph.h gfa.h gfa-priv.h kalloc.h bseq.h algo.h sys.h ggen.h kvec-km.h
#  Implicit rule search has not been done.
#  Modification time never checked.
#  File has not been updated.

# Not a target:
mgpriv.h:
#  Implicit rule search has not been done.
#  Modification time never checked.
#  File has not been updated.

main.o: mgpriv.h minigraph.h gfa.h gfa-priv.h sys.h ketopt.h
#  Implicit rule search has not been done.
#  Modification time never checked.
#  File has not been updated.

options.o: mgpriv.h minigraph.h gfa.h sys.h
#  Implicit rule search has not been done.
#  Modification time never checked.
#  File has not been updated.

# Not a target:
miniwfa.h:
#  Implicit rule search has not been done.
#  Modification time never checked.
#  File has not been updated.

# Not a target:
kavl.h:
#  Implicit rule search has not been done.
#  Modification time never checked.
#  File has not been updated.

minichain: kalloc.o kthread.o algo.o sys.o gfa-base.o gfa-io.o gfa-aug.o gfa-bbl.o gfa-ed.o sketch.o misc.o bseq.o options.o shortk.o miniwfa.o index.o lchain.o gchain1.o galign.o gcmisc.o map-algo.o cal_cov.o format.o gmap.o ggsimple.o ggen.o asm-call.o graphUtils.o main.o
#  Implicit rule search has not been done.
#  File does not exist.
#  File has been updated.
#  Needs to be updated (-q is set).
 
# variable set hash-table stats:
# Load=0/32=0%, Rehash=0, Collisions=0/6=0%
#  recipe to execute (from `Makefile', line 25):
		$(CXX) $(CPPFLAGS) $^ -o $@ $(LIBS)

# Not a target:
minigraph.h:
#  Implicit rule search has not been done.
#  Modification time never checked.
#  File has not been updated.

# Not a target:
kthread.h:
#  Implicit rule search has not been done.
#  Modification time never checked.
#  File has not been updated.

cal_cov.o: mgpriv.h minigraph.h gfa.h gfa-priv.h algo.h kalloc.h
#  Implicit rule search has not been done.
#  Modification time never checked.
#  File has not been updated.

# files hash-table stats:
# Load=63/1024=6%, Rehash=0, Collisions=30/297=10%
# VPATH Search Paths

# No `vpath' search paths.

# No general (`VPATH' variable) search path.

# # of strings in strcache: 0 / lookups = 338 / hits = 338
# # of strcache buffers: 1 (* 8176 B/buffer = 8176 B)
# strcache used: total = 0 (904) / max = 0 / min = 8176 / avg = 0
# strcache free: total = 0 (7272) / max = 0 / min = 8176 / avg = 0

# strcache hash-table stats:
# Load=106/8192=1%, Rehash=0, Collisions=5/338=1%
# Finished Make data base on Sun Aug 21 12:01:44 2022

 
